algebra: 11 26 0 53 0 0 correct
/home/grigorisntousakis/lya/core/tst/micro-packages/algebra/test/api.js:99
    const Rational = algebra.Scalar({
                             ^

ReferenceError: BigInt is not defined
    at Suite.describe (/home/grigorisntousakis/lya/core/tst/micro-packages/algebra/test/api.js:99:30)
    at Object.create (/home/grigorisntousakis/lya/core/tst/micro-packages/algebra/node_modules/mocha/lib/interfaces/common.js:112:19)
    at context.describe.context.context (/home/grigorisntousakis/lya/core/tst/micro-packages/algebra/node_modules/mocha/lib/interfaces/bdd.js:40:27)
    at Suite.describe (/home/grigorisntousakis/lya/core/tst/micro-packages/algebra/test/api.js:80:3)
    at Object.create (/home/grigorisntousakis/lya/core/tst/micro-packages/algebra/node_modules/mocha/lib/interfaces/common.js:112:19)
    at context.describe.context.context (/home/grigorisntousakis/lya/core/tst/micro-packages/algebra/node_modules/mocha/lib/interfaces/bdd.js:40:27)
    at Object.<anonymous> (/home/grigorisntousakis/lya/core/tst/micro-packages/algebra/test/api.js:6:1)
    at Module._compile (module.js:643:30)
    at Object.Module._extensions..js (module.js:654:10)
    at Module.load (module.js:556:32)
    at tryModuleLoad (module.js:499:12)
    at Function.Module._load (module.js:491:3)
    at Module.require (module.js:587:17)
    at Module.require (/home/grigorisntousakis/lya/core/src/txfm.js:519:30)
    at require (internal/module.js:11:18)
    at /home/grigorisntousakis/lya/core/tst/micro-packages/algebra/node_modules/mocha/lib/mocha.js:250:27
    at Array.forEach (<anonymous>)
    at Mocha.loadFiles (/home/grigorisntousakis/lya/core/tst/micro-packages/algebra/node_modules/mocha/lib/mocha.js:247:14)
    at Mocha.run (/home/grigorisntousakis/lya/core/tst/micro-packages/algebra/node_modules/mocha/lib/mocha.js:576:10)
    at Object.<anonymous> (/home/grigorisntousakis/lya/core/tst/micro-packages/algebra/node_modules/mocha/bin/_mocha:637:18)
    at Module._compile (module.js:643:30)
    at Object.Module._extensions..js (module.js:654:10)
    at Module.load (module.js:556:32)
    at tryModuleLoad (module.js:499:12)
    at Function.Module._load (module.js:491:3)
    at Function.Module.runMain (module.js:684:10)
    at startup (bootstrap_node.js:187:16)
    at bootstrap_node.js:608:3
npm ERR! Test failed.  See above for more details.
 
 â ‹ 
[2K[1A[2K[1A[2K[0G 
 â ™ 
[2K[1A[2K[1A[2K[0GValid access in: module and mode r
 
 â ™ 
[2K[1A[2K[1A[2K[0GValid access in: module.exports and mode w
 
 â ™ 
[2K[1A[2K[1A[2K[0G(node:31719) DeprecationWarning: loudRejection/api is deprecated. Use the currently-unhandled module instead.
 
 â ™ 
[2K[1A[2K[1A[2K[0G 
 â ™ size smaller than array length

   1 passed
[2K[1A[2K[1A[2K[1A[2K[1A[2K[0G 
 â ™ size larger than array length

   2 passed
[2K[1A[2K[1A[2K[1A[2K[1A[2K[0G 
 â ™ work with TypedArray

   3 passed
[2K[1A[2K[1A[2K[1A[2K[1A[2K[0G 
 â ¹ work with TypedArray

   3 passed
[2K[1A[2K[1A[2K[1A[2K[1A[2K[0G 
 â ¹ throw error when passed in non-array variable

   4 passed
[2K[1A[2K[1A[2K[1A[2K[1A[2K[0Garray.chunk: 11 2 0 2 0 0 correct
 
 â ¹ throw error when passed in non-array variable

   4 passed
[2K[1A[2K[1A[2K[1A[2K[1A[2K[0G-------------------------------------------------
Total number of wrappers: 11
 
 â ¹ throw error when passed in non-array variable

   4 passed
[2K[1A[2K[1A[2K[1A[2K[1A[2K[0Gobjects: 0
functions: 0
-------------------------------------------------
Valid accesses: 2
 
 â ¹ throw error when passed in non-array variable

   4 passed
[2K[1A[2K[1A[2K[1A[2K[1A[2K[0GInvalid accesses: 0
Total accesses: 2
 
 â ¹ throw error when passed in non-array variable

   4 passed
[2K[1A[2K[1A[2K[1A[2K[1A[2K[0G
   4 passed

array-first: 11 0 0 0 0 0 
npm ERR! Test failed.  See above for more details.
array-last: 11 5 0 5 0 0 correct
array-range: 11 2 0 2 0 0 correct
arr-diff: 11 2 0 2 0 0 correct
arr-flatten: 11 2 0 2 0 0 correct
concat-stream: 11 7 0 11 0 0 correct
npm ERR! Test failed.  See above for more details.
deep-bind: 11 5 0 5 0 0 correct
(node:32265) [DEP0006] DeprecationWarning: child_process: options.customFds option is deprecated. Use options.stdio instead.
file-size: 11 2 1 2 2 0.18182 correct
fs-promise: 11 7 135 444 168 15.27273 correct
get-value: 11 5 0 5 0 0 correct
group-array: 11 10 0 20 0 0 correct
npm ERR! Test failed.  See above for more details.
has-key-deep: 11 2 0 2 0 0 correct
has-value: 11 6 0 8 0 0 correct
he: 11 1 5 9 5 0.45455 correct
identity-function: 11 2 0 2 0 0 correct
in-array: 11 2 0 2 0 0 correct
is-empty-object: 11 2 0 2 0 0 correct
=============================================================================
Writing coverage object [/home/grigorisntousakis/lya/core/tst/micro-packages/is-generator/coverage/coverage.json]
Writing coverage reports at [/home/grigorisntousakis/lya/core/tst/micro-packages/is-generator/coverage]
=============================================================================
is-generator: 11 2 0 4 0 0 correct
is-number: 11 2 0 2 0 0 correct
(node:580) [DEP0006] DeprecationWarning: child_process: options.customFds option is deprecated. Use options.stdio instead.
is-promise: 11 2 0 2 0 0 correct
is-sorted: 11 2 0 2 0 0 correct
left-pad: 11 2 0 2 0 0 correct
missing-deep-keys: 11 6 0 8 0 0 correct
=============================================================================
Writing coverage object [/home/grigorisntousakis/lya/core/tst/micro-packages/missing-deep-keys/coverage/coverage.json]
Writing coverage reports at [/home/grigorisntousakis/lya/core/tst/micro-packages/missing-deep-keys/coverage]
=============================================================================
missing-deep-keys: 11 6 0 8 0 0 correct
ndarray: 11 6 0 8 0 0 correct
npm ERR! Test failed.  See above for more details.
node-du: 11 7 0 11 0 0 correct
Windows, or TEST_REGEN unset.  Using cached fixtures.
node-glob: 11 17 0 41 0 0 correct
node-glob: 11 17 0 41 0 0 correct
node-glob: 11 17 0 41 0 0 correct
node-glob: 11 17 0 41 0 0 correct
node-glob: 11 17 0 41 0 0 correct
node-glob: 11 17 0 41 0 0 correct
node-glob: 11 17 0 41 0 0 correct
node-glob: 11 17 0 41 0 0 correct
node-glob: 11 17 0 41 0 0 correct
node-glob: 11 17 0 41 0 0 correct
node-glob: 11 17 0 41 0 0 correct
node-glob: 11 17 0 41 0 0 correct
node-glob: 11 17 0 41 0 0 correct
node-glob: 11 17 0 41 0 0 correct
node-glob: 11 17 0 41 0 0 correct
node-glob: 11 17 0 41 0 0 correct
/home/grigorisntousakis/lya/core/tst/micro-packages/node-glob/node_modules/tap/lib/test.js:657
      er.test = this.name
              ^

TypeError: Cannot create property 'test' on string 'SILENCE, INSECT!'
    at TAP.threw (/home/grigorisntousakis/lya/core/tst/micro-packages/node-glob/node_modules/tap/lib/test.js:657:15)
    at emitOne (events.js:116:13)
    at process.emit (events.js:211:7)
    at processEmit (/home/grigorisntousakis/lya/core/tst/micro-packages/node-glob/node_modules/nyc/node_modules/signal-exit/index.js:155:32)
    at process.emit (/home/grigorisntousakis/lya/core/tst/micro-packages/node-glob/node_modules/source-map-support/source-map-support.js:461:21)
    at processEmit [as emit] (/home/grigorisntousakis/lya/core/tst/micro-packages/node-glob/node_modules/signal-exit/index.js:155:32)
    at process._fatalException (bootstrap_node.js:374:26)
node-glob: 11 17 0 41 0 0 correct
node-glob: 11 17 0 41 0 0 correct
node-glob: 11 17 0 41 0 0 correct
node-glob: 11 17 0 41 0 0 correct
node-glob: 11 17 0 41 0 0 correct
node-glob: 11 17 0 41 0 0 correct
node-glob: 11 17 0 41 0 0 correct
node-glob: 11 17 0 41 0 0 correct
node-glob: 11 17 0 41 0 0 correct
node-glob: 11 17 0 41 0 0 correct
node-glob: 11 17 0 41 0 0 correct
node-glob: 11 17 0 41 0 0 correct
node-glob: 11 17 0 41 0 0 correct
npm ERR! Test failed.  See above for more details.
(node:1505) [DEP0006] DeprecationWarning: child_process: options.customFds option is deprecated. Use options.stdio instead.
node-slug: 11 5 1 5 2 0.18182 correct
node-stream-spigot: 11 7 0 17 0 0 correct
npm ERR! Test failed.  See above for more details.
normalize-pkg: 11 0 8 0 14 1.27273 
not-defined: 11 2 0 2 0 0 correct
once: 11 5 0 7 0 0 correct
pad-left: 11 5 0 5 0 0 correct
pad-left-simple: 11 2 0 2 0 0 correct
npm ERR! Test failed.  See above for more details.
parse-next-json-value: 11 5 0 5 0 0 correct
npm ERR! Test failed.  See above for more details.
periods: 11 1 14 14 14 1.27273 correct
Error: something unrelated
    at /home/grigorisntousakis/lya/core/tst/micro-packages/property-validator/test/middleware_test.js:25:11
    at Layer.handle [as handle_request] (/home/grigorisntousakis/lya/core/tst/micro-packages/property-validator/node_modules/express/lib/router/layer.js:95:5)
    at next (/home/grigorisntousakis/lya/core/tst/micro-packages/property-validator/node_modules/express/lib/router/route.js:137:13)
    at Route.dispatch (/home/grigorisntousakis/lya/core/tst/micro-packages/property-validator/node_modules/express/lib/router/route.js:112:3)
    at Layer.handle [as handle_request] (/home/grigorisntousakis/lya/core/tst/micro-packages/property-validator/node_modules/express/lib/router/layer.js:95:5)
    at /home/grigorisntousakis/lya/core/tst/micro-packages/property-validator/node_modules/express/lib/router/index.js:281:22
    at Function.process_params (/home/grigorisntousakis/lya/core/tst/micro-packages/property-validator/node_modules/express/lib/router/index.js:335:12)
    at next (/home/grigorisntousakis/lya/core/tst/micro-packages/property-validator/node_modules/express/lib/router/index.js:275:10)
    at expressInit (/home/grigorisntousakis/lya/core/tst/micro-packages/property-validator/node_modules/express/lib/middleware/init.js:40:5)
    at Layer.handle [as handle_request] (/home/grigorisntousakis/lya/core/tst/micro-packages/property-validator/node_modules/express/lib/router/layer.js:95:5)
    at trim_prefix (/home/grigorisntousakis/lya/core/tst/micro-packages/property-validator/node_modules/express/lib/router/index.js:317:13)
    at /home/grigorisntousakis/lya/core/tst/micro-packages/property-validator/node_modules/express/lib/router/index.js:284:7
    at Function.process_params (/home/grigorisntousakis/lya/core/tst/micro-packages/property-validator/node_modules/express/lib/router/index.js:335:12)
    at next (/home/grigorisntousakis/lya/core/tst/micro-packages/property-validator/node_modules/express/lib/router/index.js:275:10)
    at query (/home/grigorisntousakis/lya/core/tst/micro-packages/property-validator/node_modules/express/lib/middleware/query.js:45:5)
    at Layer.handle [as handle_request] (/home/grigorisntousakis/lya/core/tst/micro-packages/property-validator/node_modules/express/lib/router/layer.js:95:5)
    at trim_prefix (/home/grigorisntousakis/lya/core/tst/micro-packages/property-validator/node_modules/express/lib/router/index.js:317:13)
    at /home/grigorisntousakis/lya/core/tst/micro-packages/property-validator/node_modules/express/lib/router/index.js:284:7
    at Function.process_params (/home/grigorisntousakis/lya/core/tst/micro-packages/property-validator/node_modules/express/lib/router/index.js:335:12)
    at next (/home/grigorisntousakis/lya/core/tst/micro-packages/property-validator/node_modules/express/lib/router/index.js:275:10)
    at Function.handle (/home/grigorisntousakis/lya/core/tst/micro-packages/property-validator/node_modules/express/lib/router/index.js:174:3)
    at Function.handle (/home/grigorisntousakis/lya/core/tst/micro-packages/property-validator/node_modules/express/lib/application.js:174:10)
    at Server.app (/home/grigorisntousakis/lya/core/tst/micro-packages/property-validator/node_modules/express/lib/express.js:39:9)
    at emitTwo (events.js:126:13)
    at Server.emit (events.js:214:7)
    at parserOnIncoming (_http_server.js:602:12)
    at HTTPParser.parserOnHeadersComplete (_http_common.js:116:23)
property-validator: 11 10 0 20 0 0 correct
rimraf: 11 8 0 14 0 0 correct
rimraf: 11 8 0 14 0 0 correct
rimraf: 11 8 0 14 0 0 correct
npm ERR! Test failed.  See above for more details.
rtrim: 11 2 0 2 0 0 correct
schema-inspector: 11 5 0 5 0 0 correct
set-value: 11 5 0 5 0 0 correct
static-props: 11 2 2 2 2 0.18182 correct
(node:2914) Warning: process.on(SIGPROF) is reserved while debugging
syncthrough: 11 8 0 14 0 0 correct
through2: 11 6 0 12 0 0 correct
through2-map: 11 6 0 14 0 0 correct
time-stamp: 11 2 0 2 0 0 correct
npm ERR! Test failed.  See above for more details.
unordered-array-remove: 11 2 0 2 0 0 correct
zipmap: 11 2 3 2 6 0.54545 correct
